<?xml version="1.0" encoding="UTF-8"?>
<coverage generated="1658752244">
  <project timestamp="1658752244">
    <file name="/Users/roromedia/Sites/packages/Parsedown/src/Helper/Arr.php">
      <class name="Roromedia\Parsedown\Helper\Arr" namespace="global">
        <metrics complexity="1" methods="1" coveredmethods="1" conditionals="0" coveredconditionals="0" statements="1" coveredstatements="1" elements="2" coveredelements="2"/>
      </class>
      <line num="7" type="method" name="firstValue" visibility="public" complexity="1" crap="1" count="2"/>
      <line num="9" type="stmt" count="2"/>
      <metrics loc="12" ncloc="12" classes="1" methods="1" coveredmethods="1" conditionals="0" coveredconditionals="0" statements="1" coveredstatements="1" elements="2" coveredelements="2"/>
    </file>
    <file name="/Users/roromedia/Sites/packages/Parsedown/src/Parsedown.php">
      <class name="Roromedia\Parsedown\Parsedown" namespace="global">
        <metrics complexity="19" methods="14" coveredmethods="14" conditionals="0" coveredconditionals="0" statements="23" coveredstatements="23" elements="37" coveredelements="37"/>
      </class>
      <line num="11" type="method" name="text" visibility="public" complexity="2" crap="2" count="1"/>
      <line num="12" type="stmt" count="1"/>
      <line num="13" type="stmt" count="1"/>
      <line num="15" type="stmt" count="1"/>
      <line num="16" type="stmt" count="1"/>
      <line num="19" type="stmt" count="1"/>
      <line num="22" type="method" name="getMenulinks" visibility="private" complexity="1" crap="1" count="1"/>
      <line num="23" type="stmt" count="1"/>
      <line num="25" type="stmt" count="1"/>
      <line num="26" type="stmt" count="1"/>
      <line num="27" type="stmt" count="1"/>
      <line num="31" type="method" name="implodeLines" visibility="private" complexity="1" crap="1" count="1"/>
      <line num="32" type="stmt" count="1"/>
      <line num="35" type="method" name="getNameOfHeadline" visibility="private" complexity="1" crap="1" count="1"/>
      <line num="36" type="stmt" count="1"/>
      <line num="37" type="stmt" count="1"/>
      <line num="40" type="method" name="explodeInLines" visibility="private" complexity="2" crap="2" count="1"/>
      <line num="41" type="stmt" count="1"/>
      <line num="44" type="method" name="isHeadline" visibility="private" complexity="1" crap="1" count="1"/>
      <line num="45" type="stmt" count="1"/>
      <line num="48" type="method" name="normalizeName" visibility="private" complexity="1" crap="1" count="1"/>
      <line num="49" type="stmt" count="1"/>
      <line num="52" type="method" name="extractHeadlineNameFromLine" visibility="private" complexity="1" crap="1" count="1"/>
      <line num="53" type="stmt" count="1"/>
      <line num="56" type="method" name="headlineContainsOneOf" visibility="private" complexity="2" crap="2" count="1"/>
      <line num="57" type="stmt" count="1"/>
      <line num="58" type="stmt" count="1"/>
      <line num="61" type="method" name="headlineContainsName" visibility="private" complexity="1" crap="1" count="1"/>
      <line num="62" type="stmt" count="1"/>
      <line num="65" type="method" name="injectIdIntoHeadline" visibility="private" complexity="1" crap="1" count="1"/>
      <line num="66" type="stmt" count="1"/>
      <line num="69" type="method" name="isValidHeadline" visibility="private" complexity="2" crap="2" count="1"/>
      <line num="70" type="stmt" count="1"/>
      <line num="73" type="method" name="getMenulinkName" visibility="private" complexity="1" crap="1" count="1"/>
      <line num="74" type="stmt" count="1"/>
      <line num="77" type="method" name="injectIdIntoHeadlineIfValid" visibility="private" complexity="2" crap="2" count="1"/>
      <line num="78" type="stmt" count="1"/>
      <metrics loc="82" ncloc="82" classes="1" methods="14" coveredmethods="14" conditionals="0" coveredconditionals="0" statements="23" coveredstatements="23" elements="37" coveredelements="37"/>
    </file>
    <metrics files="2" loc="94" ncloc="94" classes="2" methods="15" coveredmethods="15" conditionals="0" coveredconditionals="0" statements="24" coveredstatements="24" elements="39" coveredelements="39"/>
  </project>
</coverage>
